<?xml version="1.0" encoding="UTF-8"?>
<!-- Generated by org.testng.reporters.JUnitReportReporter -->
<testsuite hostname="DESKTOP-TOBD6D9" failures="0" tests="1" name="EXTENTREPORT.Program" time="36.677" errors="0" timestamp="2023-12-23T14:47:04 IST" skipped="0">
  <testcase classname="EXTENTREPORT.Program" name="report" time="36.677"/>
  <system-out/>
</testsuite> <!-- EXTENTREPORT.Program -->
