<?xml version="1.0" encoding="UTF-8"?>
<!-- Generated by org.testng.reporters.JUnitReportReporter -->
<testsuite hostname="DESKTOP-TOBD6D9" failures="0" tests="3" name="Project.SampleTest" time="33.045" errors="0" timestamp="2023-12-20T15:25:17 IST" skipped="0">
  <testcase classname="Project.SampleTest" name="testcase1" time="20.835"/>
  <system-out/>
  <testcase classname="Project.SampleTest" name="testcase" time="0.023"/>
  <system-out>
    <![CDATA[i am a bad boy]]>
  </system-out>
  <testcase classname="Project.SampleTest" name="testcase2" time="12.187"/>
  <system-out/>
</testsuite> <!-- Project.SampleTest -->
